Copyright 1986-2017 Xilinx, Inc. All Rights Reserved.
---------------------------------------------------------------------------------------------------------------------------------------------------------------------
| Tool Version : Vivado v.2017.4 (lin64) Build 2086221 Fri Dec 15 20:54:30 MST 2017
| Date         : Tue Feb 13 17:36:08 2018
| Host         : xterra1 running 64-bit Red Hat Enterprise Linux Server release 7.3 (Maipo)
| Command      : report_drc -file minized_petalinux_wrapper_drc_routed.rpt -pb minized_petalinux_wrapper_drc_routed.pb -rpx minized_petalinux_wrapper_drc_routed.rpx
| Design       : minized_petalinux_wrapper
| Device       : xc7z007sclg225-1
| Speed File   : -1
| Design State : Routed
---------------------------------------------------------------------------------------------------------------------------------------------------------------------

Report DRC

Table of Contents
-----------------
1. REPORT SUMMARY
2. REPORT DETAILS

1. REPORT SUMMARY
-----------------
            Netlist: netlist
          Floorplan: design_1
      Design limits: <entire design considered>
           Ruledeck: default
             Max violations: <unlimited>
             Violations found: 0
+------+----------+-------------+------------+
| Rule | Severity | Description | Violations |
+------+----------+-------------+------------+
+------+----------+-------------+------------+

2. REPORT DETAILS
-----------------

